{"logTime": "1011/123544", "correlationVector":"NOLtEe0UJyCLDnUwIy1Fz1.0","action":"FeedSettingFetch_homeCloud", "result":"0", "context":{}}
{"logTime": "1011/123544", "correlationVector":"q5eCMqrJiS9xZKWZJPanPi.1","action":"SyncServerConnectionManagerRequest", "result":"SYNC_SERVER_OK", "context":{"environment":"Prod_SoutheastAsia", "server":"GENERAL01000000"}}
{"logTime": "1011/123544", "correlationVector":"q5eCMqrJiS9xZKWZJPanPi","action":"Initial GetUpdates", "result":"", "context":Reason: NEW_CLIENT. cV=q5eCMqrJiS9xZKWZJPanPi}
{"logTime": "1011/123544", "correlationVector":"q5eCMqrJiS9xZKWZJPanPi.2","action":"GetUpdates Response", "result":"SYNCER_OK", "context":Received 1 update(s). cV=q5eCMqrJiS9xZKWZJPanPi.0;server=GENERAL01000000;cloudType=Consumer;environment=Prod_SoutheastAsia}
{"logTime": "1011/123549", "correlationVector":"6wEytGetU5IJVG8ZBYR1aO","action":"SyncServerConnectionManagerRequest", "result":"SYNC_SERVER_OK", "context":{"environment":"", "server":""}}
{"logTime": "1011/123549", "correlationVector":"dVw2zowiYJEBU1IQ6QDg+n","action":"Initial GetUpdates", "result":"", "context":Reason: NEW_CLIENT. cV=dVw2zowiYJEBU1IQ6QDg+n}
{"logTime": "1011/123549", "correlationVector":"dVw2zowiYJEBU1IQ6QDg+n.1","action":"SyncServerConnectionManagerRequest", "result":"SYNC_SERVER_OK", "context":{"environment":"Prod_SoutheastAsia", "server":"GENERAL0100000B"}}
{"logTime": "1011/123549", "correlationVector":"dVw2zowiYJEBU1IQ6QDg+n.2","action":"GetUpdates Response", "result":"SYNCER_OK", "context":Received 3 update(s). cV=dVw2zowiYJEBU1IQ6QDg+n.0;server=GENERAL0100000B;cloudType=Consumer;environment=Prod_SoutheastAsia}
{"logTime": "1011/123549", "correlationVector":"vrpkH0YKM2LS1GxXPGl6AI","action":"Normal GetUpdate request", "result":"", "context":cV=vrpkH0YKM2LS1GxXPGl6AI
Nudged types: Device Info, User Consents
Refresh requested types: Device Info, User Consents, Send Tab To Self, Encryption Keys}
{"logTime": "1011/123550", "correlationVector":"vrpkH0YKM2LS1GxXPGl6AI.1","action":"SyncServerConnectionManagerRequest", "result":"SYNC_SERVER_OK", "context":{"environment":"Prod_SoutheastAsia", "server":"GENERAL0100000S"}}
{"logTime": "1011/123550", "correlationVector":"vrpkH0YKM2LS1GxXPGl6AI.2","action":"GetUpdates Response", "result":"SYNCER_OK", "context":Received 0 update(s). cV=vrpkH0YKM2LS1GxXPGl6AI.0;server=GENERAL0100000S;cloudType=Consumer;environment=Prod_SoutheastAsia}
{"logTime": "1011/123550", "correlationVector":"5tWnEvDoIbyQlg3hSukCAB","action":"Commit Request", "result":"", "context":Item count: 1
Contributing types: Device Info}
{"logTime": "1011/123550", "correlationVector":"5tWnEvDoIbyQlg3hSukCAB.1","action":"SyncServerConnectionManagerRequest", "result":"SYNC_SERVER_OK", "context":{"environment":"Prod_SoutheastAsia", "server":"GENERAL0100000B"}}
{"logTime": "1011/123550", "correlationVector":"5tWnEvDoIbyQlg3hSukCAB.2","action":"Commit Response", "result":"SYNCER_OK", "context":Result: SYNCER_OK. cV=5tWnEvDoIbyQlg3hSukCAB.0;server=GENERAL0100000B;cloudType=Consumer;environment=Prod_SoutheastAsia}
{"logTime": "1011/123550", "correlationVector":"CcmGcnVZTkjdWo48Q5a9bh","action":"Commit Request", "result":"", "context":Item count: 1
Contributing types: User Consents}
{"logTime": "1011/123551", "correlationVector":"CcmGcnVZTkjdWo48Q5a9bh.1","action":"SyncServerConnectionManagerRequest", "result":"SYNC_SERVER_OK", "context":{"environment":"Prod_SoutheastAsia", "server":"GENERAL01000013"}}
{"logTime": "1011/123551", "correlationVector":"CcmGcnVZTkjdWo48Q5a9bh.2","action":"Commit Response", "result":"SYNCER_OK", "context":Result: SYNCER_OK. cV=CcmGcnVZTkjdWo48Q5a9bh.0;server=GENERAL01000013;cloudType=Consumer;environment=Prod_SoutheastAsia}
{"logTime": "1011/124643", "correlationVector":"g6Qe5UpYMIfyQCB0rE8Ity.0","action":"FeedSettingFetch_homeCloud", "result":"0", "context":{}}
{"logTime": "1011/124643", "correlationVector":"7HJ6suYwptE4Gw8p36KIlp.1","action":"SyncServerConnectionManagerRequest", "result":"SYNC_SERVER_OK", "context":{"environment":"Prod_SoutheastAsia", "server":"GENERAL01000009"}}
{"logTime": "1011/124643", "correlationVector":"7HJ6suYwptE4Gw8p36KIlp","action":"Initial GetUpdates", "result":"", "context":Reason: NEW_CLIENT. cV=7HJ6suYwptE4Gw8p36KIlp}
{"logTime": "1011/124643", "correlationVector":"7HJ6suYwptE4Gw8p36KIlp.2","action":"GetUpdates Response", "result":"SYNCER_OK", "context":Received 1 update(s). cV=7HJ6suYwptE4Gw8p36KIlp.0;server=GENERAL01000009;cloudType=Consumer;environment=Prod_SoutheastAsia}
{"logTime": "1011/124643", "correlationVector":"pw69KuWmfOYDzoUvfCAaQN","action":"Normal GetUpdate request", "result":"", "context":cV=pw69KuWmfOYDzoUvfCAaQN
Refresh requested types: Device Info, User Consents, Send Tab To Self, Encryption Keys}
{"logTime": "1011/124643", "correlationVector":"pw69KuWmfOYDzoUvfCAaQN.1","action":"SyncServerConnectionManagerRequest", "result":"SYNC_SERVER_OK", "context":{"environment":"Prod_SoutheastAsia", "server":"GENERAL0100000A"}}
{"logTime": "1011/124643", "correlationVector":"pw69KuWmfOYDzoUvfCAaQN.2","action":"GetUpdates Response", "result":"SYNCER_OK", "context":Received 1 update(s). cV=pw69KuWmfOYDzoUvfCAaQN.0;server=GENERAL0100000A;cloudType=Consumer;environment=Prod_SoutheastAsia}
{"logTime": "1011/130449", "correlationVector":"XrBgwsvd5SyISeGnxYlrfr.0","action":"FeedSettingFetch_homeCloud", "result":"0", "context":{}}
{"logTime": "1011/130449", "correlationVector":"6YJ+in8zDKm7D3cYJFvAqQ.1","action":"SyncServerConnectionManagerRequest", "result":"SYNC_SERVER_OK", "context":{"environment":"Prod_SoutheastAsia", "server":"GENERAL0100001C"}}
{"logTime": "1011/130449", "correlationVector":"6YJ+in8zDKm7D3cYJFvAqQ","action":"Initial GetUpdates", "result":"", "context":Reason: NEW_CLIENT. cV=6YJ+in8zDKm7D3cYJFvAqQ}
{"logTime": "1011/130449", "correlationVector":"6YJ+in8zDKm7D3cYJFvAqQ.2","action":"GetUpdates Response", "result":"SYNCER_OK", "context":Received 1 update(s). cV=6YJ+in8zDKm7D3cYJFvAqQ.0;server=GENERAL0100001C;cloudType=Consumer;environment=Prod_SoutheastAsia}
{"logTime": "1011/130449", "correlationVector":"j3OJoAwZB94GCN4Ki3zDPx","action":"Normal GetUpdate request", "result":"", "context":cV=j3OJoAwZB94GCN4Ki3zDPx
Refresh requested types: Device Info, User Consents, Send Tab To Self, Encryption Keys}
{"logTime": "1011/130449", "correlationVector":"j3OJoAwZB94GCN4Ki3zDPx.1","action":"SyncServerConnectionManagerRequest", "result":"SYNC_SERVER_OK", "context":{"environment":"Prod_SoutheastAsia", "server":"GENERAL0100000K"}}
{"logTime": "1011/130449", "correlationVector":"j3OJoAwZB94GCN4Ki3zDPx.2","action":"GetUpdates Response", "result":"SYNCER_OK", "context":Received 0 update(s). cV=j3OJoAwZB94GCN4Ki3zDPx.0;server=GENERAL0100000K;cloudType=Consumer;environment=Prod_SoutheastAsia}
{"logTime": "1011/131752", "correlationVector":"sxf83GzjKXsv2V7WZzMNRX.0","action":"FeedSettingFetch_homeCloud", "result":"0", "context":{}}
{"logTime": "1011/131752", "correlationVector":"2VXDEA1AXZr46Gq7E08kON.1","action":"SyncServerConnectionManagerRequest", "result":"SYNC_SERVER_OK", "context":{"environment":"Prod_SoutheastAsia", "server":"GENERAL01000000"}}
{"logTime": "1011/131752", "correlationVector":"2VXDEA1AXZr46Gq7E08kON","action":"Initial GetUpdates", "result":"", "context":Reason: NEW_CLIENT. cV=2VXDEA1AXZr46Gq7E08kON}
{"logTime": "1011/131752", "correlationVector":"2VXDEA1AXZr46Gq7E08kON.2","action":"GetUpdates Response", "result":"SYNCER_OK", "context":Received 1 update(s). cV=2VXDEA1AXZr46Gq7E08kON.0;server=GENERAL01000000;cloudType=Consumer;environment=Prod_SoutheastAsia}
{"logTime": "1011/131752", "correlationVector":"iwRA2EeNd3mlfxYdy9mj+y","action":"Normal GetUpdate request", "result":"", "context":cV=iwRA2EeNd3mlfxYdy9mj+y
Refresh requested types: Device Info, User Consents, Send Tab To Self, Encryption Keys}
{"logTime": "1011/131752", "correlationVector":"iwRA2EeNd3mlfxYdy9mj+y.1","action":"SyncServerConnectionManagerRequest", "result":"SYNC_SERVER_OK", "context":{"environment":"Prod_SoutheastAsia", "server":"GENERAL01000009"}}
{"logTime": "1011/131752", "correlationVector":"iwRA2EeNd3mlfxYdy9mj+y.2","action":"GetUpdates Response", "result":"SYNCER_OK", "context":Received 0 update(s). cV=iwRA2EeNd3mlfxYdy9mj+y.0;server=GENERAL01000009;cloudType=Consumer;environment=Prod_SoutheastAsia}
